<?xml version="1.0" encoding="UTF-8"?>
<!-- Generated by org.testng.reporters.JUnitXMLReporter -->
<testsuite ignored="0" hostname="LAPTOP-0O8VOCIM" failures="1" tests="4" name="Test" time="40.185" errors="0" timestamp="25 Sep 2020 13:35:28 GMT">
  <testcase classname="com.versapay.qa.testcases.Test" name="MethodOne" time="0.159">
    <skipped/>
  </testcase> <!-- MethodOne -->
  <testcase classname="com.versapay.qa.testcases.Test" name="MethodOne" time="0.025">
    <skipped/>
  </testcase> <!-- MethodOne -->
  <testcase classname="com.versapay.qa.testcases.Test" name="MethodOne" time="0.023">
    <failure type="java.lang.AssertionError" message="expected [VersaPay | Automated Accounts Receivable Software] but found [VersaPa | Automated Accounts Receivable Software]">
      <![CDATA[java.lang.AssertionError: expected [VersaPay | Automated Accounts Receivable Software] but found [VersaPa | Automated Accounts Receivable Software]
at com.versapay.qa.testcases.Test.MethodOne(Test.java:21)
... Removed 31 stack frames]]>
    </failure>
  </testcase> <!-- MethodOne -->
  <testcase classname="com.versapay.qa.testcases.Test" name="MethodTwo" time="0.003"/>
</testsuite> <!-- Test -->
